{
  "0 debug pnpm:scope": {
    "selected": 1,
    "workspacePrefix": null
  },
  "1 error pnpm": {
    "message": {
      "errno": 1,
      "code": "ELIFECYCLE",
      "pkgid": "animationtool@1.0.0",
      "stage": "start:dev",
      "script": "webpack-dev-server --config webpack/dev.config.js",
      "pkgname": "animationtool"
    },
    "err": {
      "name": "Error",
      "message": "animationtool@1.0.0 start:dev: `webpack-dev-server --config webpack/dev.config.js`\nExit status 1",
      "code": "ELIFECYCLE",
      "stack": "Error: animationtool@1.0.0 start:dev: `webpack-dev-server --config webpack/dev.config.js`\nExit status 1\n    at EventEmitter.proc.on (C:\\Users\\tekno\\AppData\\Roaming\\npm\\node_modules\\pnpm\\lib\\node_modules\\@zkochan\\npm-lifecycle\\index.js:302:16)\n    at EventEmitter.emit (events.js:198:13)\n    at ChildProcess.<anonymous> (C:\\Users\\tekno\\AppData\\Roaming\\npm\\node_modules\\pnpm\\lib\\node_modules\\@zkochan\\npm-lifecycle\\lib\\spawn.js:55:14)\n    at ChildProcess.emit (events.js:198:13)\n    at maybeClose (internal/child_process.js:982:16)\n    at Process.ChildProcess._handle.onexit (internal/child_process.js:259:5)"
    }
  }
}